

================================================================
== Vivado HLS Report for 'fm_receiver_hls'
================================================================
* Date:           Sat Aug 14 17:26:53 2021

* Version:        2018.2 (Build 2258646 on Thu Jun 14 20:25:20 MDT 2018)
* Project:        prj
* Solution:       solution1
* Product family: zynq
* Target device:  xc7z020clg484-1


================================================================
== Performance Estimates
================================================================
+ Timing (ns):
    * Summary:
    +--------+-------+----------+------------+
    |  Clock | Target| Estimated| Uncertainty|
    +--------+-------+----------+------------+
    |ap_clk  |  10.00|     8.457|        1.25|
    +--------+-------+----------+------------+

+ Latency (clock cycles):
    * Summary:
    +-----+------+-----+------+---------+
    |   Latency  |  Interval  | Pipeline|
    | min |  max | min |  max |   Type  |
    +-----+------+-----+------+---------+
    |    2|  2714|    2|  2714|   none  |
    +-----+------+-----+------+---------+

    + Detail:
        * Instance:
        +------------------------+-------------+------+------+------+------+---------+
        |                        |             |   Latency   |   Interval  | Pipeline|
        |        Instance        |    Module   |  min |  max |  min |  max |   Type  |
        +------------------------+-------------+------+------+------+------+---------+
        |grp_fm_receiver_fu_221  |fm_receiver  |  2712|  2712|  2712|  2712|   none  |
        +------------------------+-------------+------+------+------+------+---------+

        * Loop:
        N/A



================================================================
== Utilization Estimates
================================================================
* Summary:
+-----------------+---------+-------+--------+-------+
|       Name      | BRAM_18K| DSP48E|   FF   |  LUT  |
+-----------------+---------+-------+--------+-------+
|DSP              |        -|      -|       -|      -|
|Expression       |        -|      -|       0|     39|
|FIFO             |        -|      -|       -|      -|
|Instance         |        8|      6|    1312|   1120|
|Memory           |        -|      -|       -|      -|
|Multiplexer      |        -|      -|       -|    150|
|Register         |        -|      -|     176|      -|
+-----------------+---------+-------+--------+-------+
|Total            |        8|      6|    1488|   1309|
+-----------------+---------+-------+--------+-------+
|Available        |      280|    220|  106400|  53200|
+-----------------+---------+-------+--------+-------+
|Utilization (%)  |        2|      2|       1|      2|
+-----------------+---------+-------+--------+-------+

+ Detail:
    * Instance:
    +-----------------------------+---------------------------+---------+-------+------+-----+
    |           Instance          |           Module          | BRAM_18K| DSP48E|  FF  | LUT |
    +-----------------------------+---------------------------+---------+-------+------+-----+
    |grp_fm_receiver_fu_221       |fm_receiver                |        8|      6|  1166|  896|
    |fm_receiver_hls_API_s_axi_U  |fm_receiver_hls_API_s_axi  |        0|      0|   146|  224|
    +-----------------------------+---------------------------+---------+-------+------+-----+
    |Total                        |                           |        8|      6|  1312| 1120|
    +-----------------------------+---------------------------+---------+-------+------+-----+

    * DSP48:
    N/A

    * Memory:
    N/A

    * FIFO:
    N/A

    * Expression:
    +------------------------------+----------+-------+---+----+------------+------------+
    |         Variable Name        | Operation| DSP48E| FF| LUT| Bitwidth P0| Bitwidth P1|
    +------------------------------+----------+-------+---+----+------------+------------+
    |audio_out_V_1_load_A          |    and   |      0|  0|   2|           1|           1|
    |audio_out_V_1_load_B          |    and   |      0|  0|   2|           1|           1|
    |iq_in_V_0_load_A              |    and   |      0|  0|   2|           1|           1|
    |iq_in_V_0_load_B              |    and   |      0|  0|   2|           1|           1|
    |audio_out_V_1_state_cmp_full  |   icmp   |      0|  0|   8|           2|           1|
    |iq_in_V_0_state_cmp_full      |   icmp   |      0|  0|   8|           2|           1|
    |tmp_fu_354_p2                 |   icmp   |      0|  0|  11|           8|           1|
    |ap_block_state3_io            |    or    |      0|  0|   2|           1|           1|
    |toggle_assign_fu_331_p2       |    xor   |      0|  0|   2|           1|           2|
    +------------------------------+----------+-------+---+----+------------+------------+
    |Total                         |          |      0|  0|  39|          18|          10|
    +------------------------------+----------+-------+---+----+------------+------------+

    * Multiplexer:
    +-------------------------+----+-----------+-----+-----------+
    |           Name          | LUT| Input Size| Bits| Total Bits|
    +-------------------------+----+-----------+-----+-----------+
    |ap_NS_fsm                |  27|          5|    1|          5|
    |audio_out_V_1_data_in    |  15|          3|   32|         96|
    |audio_out_V_1_data_out   |   9|          2|   32|         64|
    |audio_out_V_1_state      |  15|          3|    2|          6|
    |audio_out_V_TDATA_blk_n  |   9|          2|    1|          2|
    |iq_in_V_0_ack_out        |  15|          3|    1|          3|
    |iq_in_V_0_data_out       |   9|          2|   32|         64|
    |iq_in_V_0_state          |  15|          3|    2|          6|
    |iq_in_V_TDATA_blk_n      |   9|          2|    1|          2|
    |led_out_V                |   9|          2|    4|          8|
    |status_build_time_V      |   9|          2|   11|         22|
    |status_git_hash_V        |   9|          2|   18|         36|
    +-------------------------+----+-----------+-----+-----------+
    |Total                    | 150|         31|  137|        314|
    +-------------------------+----+-----------+-----+-----------+

    * Register:
    +-------------------------------------+----+----+-----+-----------+
    |                 Name                | FF | LUT| Bits| Const Bits|
    +-------------------------------------+----+----+-----+-----------+
    |ap_CS_fsm                            |   4|   0|    4|          0|
    |audio_out_V_1_payload_A              |  32|   0|   32|          0|
    |audio_out_V_1_payload_B              |  32|   0|   32|          0|
    |audio_out_V_1_sel_rd                 |   1|   0|    1|          0|
    |audio_out_V_1_sel_wr                 |   1|   0|    1|          0|
    |audio_out_V_1_state                  |   2|   0|    2|          0|
    |grp_fm_receiver_fu_221_ap_start_reg  |   1|   0|    1|          0|
    |iq_in_V_0_payload_A                  |  32|   0|   32|          0|
    |iq_in_V_0_payload_B                  |  32|   0|   32|          0|
    |iq_in_V_0_sel_rd                     |   1|   0|    1|          0|
    |iq_in_V_0_sel_wr                     |   1|   0|    1|          0|
    |iq_in_V_0_state                      |   2|   0|    2|          0|
    |led_out_V_preg                       |   4|   0|    4|          0|
    |status_build_time_V_preg             |  11|   0|   48|         37|
    |status_git_hash_V_preg               |  18|   0|   32|         14|
    |tmp_reg_377                          |   1|   0|    1|          0|
    |toggle                               |   1|   0|    1|          0|
    +-------------------------------------+----+----+-----+-----------+
    |Total                                | 176|   0|  227|         51|
    +-------------------------------------+----+----+-----+-----------+



================================================================
== Interface
================================================================
* Summary:
+--------------------+-----+-----+------------+-----------------+--------------+
|      RTL Ports     | Dir | Bits|  Protocol  |  Source Object  |    C Type    |
+--------------------+-----+-----+------------+-----------------+--------------+
|s_axi_API_AWVALID   |  in |    1|    s_axi   |       API       |    pointer   |
|s_axi_API_AWREADY   | out |    1|    s_axi   |       API       |    pointer   |
|s_axi_API_AWADDR    |  in |    6|    s_axi   |       API       |    pointer   |
|s_axi_API_WVALID    |  in |    1|    s_axi   |       API       |    pointer   |
|s_axi_API_WREADY    | out |    1|    s_axi   |       API       |    pointer   |
|s_axi_API_WDATA     |  in |   32|    s_axi   |       API       |    pointer   |
|s_axi_API_WSTRB     |  in |    4|    s_axi   |       API       |    pointer   |
|s_axi_API_ARVALID   |  in |    1|    s_axi   |       API       |    pointer   |
|s_axi_API_ARREADY   | out |    1|    s_axi   |       API       |    pointer   |
|s_axi_API_ARADDR    |  in |    6|    s_axi   |       API       |    pointer   |
|s_axi_API_RVALID    | out |    1|    s_axi   |       API       |    pointer   |
|s_axi_API_RREADY    |  in |    1|    s_axi   |       API       |    pointer   |
|s_axi_API_RDATA     | out |   32|    s_axi   |       API       |    pointer   |
|s_axi_API_RRESP     | out |    2|    s_axi   |       API       |    pointer   |
|s_axi_API_BVALID    | out |    1|    s_axi   |       API       |    pointer   |
|s_axi_API_BREADY    |  in |    1|    s_axi   |       API       |    pointer   |
|s_axi_API_BRESP     | out |    2|    s_axi   |       API       |    pointer   |
|ap_clk              |  in |    1| ap_ctrl_hs | fm_receiver_hls | return value |
|ap_rst_n            |  in |    1| ap_ctrl_hs | fm_receiver_hls | return value |
|ap_start            |  in |    1| ap_ctrl_hs | fm_receiver_hls | return value |
|ap_done             | out |    1| ap_ctrl_hs | fm_receiver_hls | return value |
|ap_idle             | out |    1| ap_ctrl_hs | fm_receiver_hls | return value |
|ap_ready            | out |    1| ap_ctrl_hs | fm_receiver_hls | return value |
|iq_in_V_TDATA       |  in |   32|    axis    |     iq_in_V     |    pointer   |
|iq_in_V_TVALID      |  in |    1|    axis    |     iq_in_V     |    pointer   |
|iq_in_V_TREADY      | out |    1|    axis    |     iq_in_V     |    pointer   |
|audio_out_V_TDATA   | out |   32|    axis    |   audio_out_V   |    pointer   |
|audio_out_V_TVALID  | out |    1|    axis    |   audio_out_V   |    pointer   |
|audio_out_V_TREADY  |  in |    1|    axis    |   audio_out_V   |    pointer   |
|led_out_V           | out |    4|   ap_none  |    led_out_V    |    pointer   |
+--------------------+-----+-----+------------+-----------------+--------------+

